

> nextra@3.0.4 build /Users/ynishisaki/develop/oss/nextra/packages/nextra
> tsup

[2m[[22mNEXTRA/ICONS[2m][22m [34mCLI[39m Building entry: {"client/icons/index":"src/client/icons/index.ts"}
[2m[[22mNEXTRA/ICONS[2m][22m [34mCLI[39m Using tsconfig: tsconfig.json
[2m[[22mNEXTRA/ICONS[2m][22m [34mCLI[39m tsup v8.2.4
[2m[[22mNEXTRA/ICONS[2m][22m [34mCLI[39m Using tsup config: /Users/ynishisaki/develop/oss/nextra/packages/nextra/tsup.config.ts
[2m[[22mNEXTRA/ICONS[2m][22m [34mCLI[39m Target: es2020
[2m[[22mNEXTRA/ICONS[2m][22m [34mESM[39m Build start
[2m[[22mNEXTRA[2m][22m [34mCLI[39m Building entry: src/constants.ts, src/utils.ts, src/client/catch-all.ts, src/client/context.ts, src/client/mdx.ts, src/client/normalize-pages.ts, src/client/remove-links.ts, src/client/setup-page.tsx, src/client/utils.ts, src/server/compile.ts, src/server/constants.ts, src/server/fetch-filepaths-from-github.ts, src/server/file-system.ts, src/server/index.ts, src/server/loader.ts, src/server/page-map-dynamic.ts, src/server/page-map.ts, src/server/remote.ts, src/server/schemas.ts, src/server/utils.ts, src/client/components/button.tsx, src/client/components/callout.tsx, src/client/components/cards.tsx, src/client/components/code.tsx, src/client/components/copy-to-clipboard.tsx, src/client/components/file-tree.tsx, src/client/components/index.ts, src/client/components/playground.tsx, src/client/components/pre.tsx, src/client/components/remote-content.tsx, src/client/components/steps.tsx, src/client/components/table.tsx, src/client/components/td.tsx, src/client/components/th.tsx, src/client/components/tr.tsx, src/client/hooks/index.ts, src/client/hooks/use-data.ts, src/client/hooks/use-fs-route.ts, src/client/hooks/use-mounted.ts, src/client/hooks/use-router.ts, src/server/recma-plugins/index.ts, src/server/recma-plugins/recma-rewrite-function-body.ts, src/server/recma-plugins/recma-rewrite-jsx.ts, src/server/rehype-plugins/index.ts, src/server/rehype-plugins/rehype-better-react-mathjax.ts, src/server/rehype-plugins/rehype-extract-toc-content.ts, src/server/rehype-plugins/rehype-icon.ts, src/server/rehype-plugins/rehype.ts, src/server/webpack-plugins/index.ts, src/server/webpack-plugins/nextra-search.ts, src/server/webpack-plugins/nextra.ts, src/server/remark-plugins/index.ts, src/server/remark-plugins/remark-custom-heading-id.ts, src/server/remark-plugins/remark-headings.ts, src/server/remark-plugins/remark-link-rewrite.ts, src/server/remark-plugins/remark-mdx-disable-explicit-jsx.ts, src/server/remark-plugins/remark-mdx-frontmatter.ts, src/server/remark-plugins/remark-mdx-title.ts, src/server/remark-plugins/remark-remove-imports.ts, src/server/remark-plugins/remark-static-image.ts, src/server/remark-plugins/remark-structurize.ts, src/client/components/tabs/index.tsx, src/client/components/tabs/tabs.tsx
[2m[[22mNEXTRA[2m][22m [34mCLI[39m Using tsconfig: tsconfig.json
[2m[[22mNEXTRA[2m][22m [34mCLI[39m tsup v8.2.4
[2m[[22mNEXTRA[2m][22m [34mCLI[39m Using tsup config: /Users/ynishisaki/develop/oss/nextra/packages/nextra/tsup.config.ts
[2m[[22mNEXTRA[2m][22m [34mCLI[39m Target: es2020
[2m[[22mNEXTRA[2m][22m [34mESM[39m Build start
[2m[[22mNEXTRA[2m][22m [32mESM[39m [1mdist/constants.js                                             [22m[32m291.00 B[39m
[2m[[22mNEXTRA[2m][22m [32mESM[39m [1mdist/client/catch-all.js                                      [22m[32m1.33 KB[39m
[2m[[22mNEXTRA[2m][22m [32mESM[39m [1mdist/server/compile.js                                        [22m[32m9.17 KB[39m
[2m[[22mNEXTRA[2m][22m [32mESM[39m [1mdist/client/components/button.js                              [22m[32m756.00 B[39m
[2m[[22mNEXTRA[2m][22m [32mESM[39m [1mdist/client/hooks/index.js                                    [22m[32m244.00 B[39m
[2m[[22mNEXTRA[2m][22m [32mESM[39m [1mdist/server/recma-plugins/index.js                            [22m[32m193.00 B[39m
[2m[[22mNEXTRA[2m][22m [32mESM[39m [1mdist/server/rehype-plugins/index.js                           [22m[32m479.00 B[39m
[2m[[22mNEXTRA[2m][22m [32mESM[39m [1mdist/server/webpack-plugins/index.js                          [22m[32m150.00 B[39m
[2m[[22mNEXTRA[2m][22m [32mESM[39m [1mdist/server/remark-plugins/index.js                           [22m[32m800.00 B[39m
[2m[[22mNEXTRA[2m][22m [32mESM[39m [1mdist/client/components/tabs/index.js                          [22m[32m204.00 B[39m
[2m[[22mNEXTRA[2m][22m [32mESM[39m [1mdist/client/context.js                                        [22m[32m2.07 KB[39m
[2m[[22mNEXTRA[2m][22m [32mESM[39m [1mdist/client/remove-links.js                                   [22m[32m592.00 B[39m
[2m[[22mNEXTRA[2m][22m [32mESM[39m [1mdist/client/normalize-pages.js                                [22m[32m8.11 KB[39m
[2m[[22mNEXTRA[2m][22m [32mESM[39m [1mdist/utils.js                                                 [22m[32m239.00 B[39m
[2m[[22mNEXTRA[2m][22m [32mESM[39m [1mdist/client/setup-page.js                                     [22m[32m2.20 KB[39m
[2m[[22mNEXTRA[2m][22m [32mESM[39m [1mdist/client/utils.js                                          [22m[32m408.00 B[39m
[2m[[22mNEXTRA[2m][22m [32mESM[39m [1mdist/server/file-system.js                                    [22m[32m359.00 B[39m
[2m[[22mNEXTRA[2m][22m [32mESM[39m [1mdist/server/loader.js                                         [22m[32m6.25 KB[39m
[2m[[22mNEXTRA[2m][22m [32mESM[39m [1mdist/server/index.js                                          [22m[32m6.12 KB[39m
[2m[[22mNEXTRA[2m][22m [32mESM[39m [1mdist/server/page-map-dynamic.js                               [22m[32m2.55 KB[39m
[2m[[22mNEXTRA[2m][22m [32mESM[39m [1mdist/server/page-map.js                                       [22m[32m6.03 KB[39m
[2m[[22mNEXTRA[2m][22m [32mESM[39m [1mdist/server/utils.js                                          [22m[32m1.36 KB[39m
[2m[[22mNEXTRA[2m][22m [32mESM[39m [1mdist/client/components/cards.js                               [22m[32m2.04 KB[39m
[2m[[22mNEXTRA[2m][22m [32mESM[39m [1mdist/client/components/callout.js                             [22m[32m1.67 KB[39m
[2m[[22mNEXTRA[2m][22m [32mESM[39m [1mdist/client/components/copy-to-clipboard.js                   [22m[32m1.11 KB[39m
[2m[[22mNEXTRA[2m][22m [32mESM[39m [1mdist/client/components/file-tree.js                           [22m[32m3.95 KB[39m
[2m[[22mNEXTRA[2m][22m [32mESM[39m [1mdist/client/components/index.js                               [22m[32m930.00 B[39m
[2m[[22mNEXTRA[2m][22m [32mESM[39m [1mdist/client/components/playground.js                          [22m[32m1.40 KB[39m
[2m[[22mNEXTRA[2m][22m [32mESM[39m [1mdist/client/components/pre.js                                 [22m[32m2.80 KB[39m
[2m[[22mNEXTRA[2m][22m [32mESM[39m [1mdist/client/components/remote-content.js                      [22m[32m1.13 KB[39m
[2m[[22mNEXTRA[2m][22m [32mESM[39m [1mdist/client/components/steps.js                               [22m[32m538.00 B[39m
[2m[[22mNEXTRA[2m][22m [32mESM[39m [1mdist/client/components/table.js                               [22m[32m309.00 B[39m
[2m[[22mNEXTRA[2m][22m [32mESM[39m [1mdist/client/components/td.js                                  [22m[32m294.00 B[39m
[2m[[22mNEXTRA[2m][22m [32mESM[39m [1mdist/client/components/th.js                                  [22m[32m309.00 B[39m
[2m[[22mNEXTRA[2m][22m [32mESM[39m [1mdist/client/components/tr.js                                  [22m[32m342.00 B[39m
[2m[[22mNEXTRA[2m][22m [32mESM[39m [1mdist/client/hooks/use-data.js                                 [22m[32m263.00 B[39m
[2m[[22mNEXTRA[2m][22m [32mESM[39m [1mdist/client/hooks/use-fs-route.js                             [22m[32m688.00 B[39m
[2m[[22mNEXTRA[2m][22m [32mESM[39m [1mdist/client/hooks/use-mounted.js                              [22m[32m215.00 B[39m
[2m[[22mNEXTRA[2m][22m [32mESM[39m [1mdist/client/hooks/use-router.js                               [22m[32m404.00 B[39m
[2m[[22mNEXTRA[2m][22m [32mESM[39m [1mdist/server/recma-plugins/recma-rewrite-jsx.js                [22m[32m2.93 KB[39m
[2m[[22mNEXTRA[2m][22m [32mESM[39m [1mdist/server/recma-plugins/recma-rewrite-function-body.js      [22m[32m376.00 B[39m
[2m[[22mNEXTRA[2m][22m [32mESM[39m [1mdist/server/rehype-plugins/rehype-better-react-mathjax.js     [22m[32m2.85 KB[39m
[2m[[22mNEXTRA[2m][22m [32mESM[39m [1mdist/server/rehype-plugins/rehype-extract-toc-content.js      [22m[32m2.53 KB[39m
[2m[[22mNEXTRA[2m][22m [32mESM[39m [1mdist/server/rehype-plugins/rehype.js                          [22m[32m2.94 KB[39m
[2m[[22mNEXTRA[2m][22m [32mESM[39m [1mdist/server/rehype-plugins/rehype-icon.js                     [22m[32m2.98 KB[39m
[2m[[22mNEXTRA[2m][22m [32mESM[39m [1mdist/server/webpack-plugins/nextra-search.js                  [22m[32m1.95 KB[39m
[2m[[22mNEXTRA[2m][22m [32mESM[39m [1mdist/client/components/code.js                                [22m[32m415.00 B[39m
[2m[[22mNEXTRA[2m][22m [32mESM[39m [1mdist/server/webpack-plugins/nextra.js                         [22m[32m1.27 KB[39m
[2m[[22mNEXTRA[2m][22m [32mESM[39m [1mdist/server/schemas.js                                        [22m[32m3.42 KB[39m
[2m[[22mNEXTRA[2m][22m [32mESM[39m [1mdist/server/remote.js                                         [22m[32m665.00 B[39m
[2m[[22mNEXTRA[2m][22m [32mESM[39m [1mdist/server/remark-plugins/remark-link-rewrite.js             [22m[32m386.00 B[39m
[2m[[22mNEXTRA[2m][22m [32mESM[39m [1mdist/server/remark-plugins/remark-remove-imports.js           [22m[32m270.00 B[39m
[2m[[22mNEXTRA[2m][22m [32mESM[39m [1mdist/server/remark-plugins/remark-mdx-disable-explicit-jsx.js [22m[32m280.00 B[39m
[2m[[22mNEXTRA[2m][22m [32mESM[39m [1mdist/server/remark-plugins/remark-custom-heading-id.js        [22m[32m607.00 B[39m
[2m[[22mNEXTRA[2m][22m [32mESM[39m [1mdist/server/remark-plugins/remark-mdx-title.js                [22m[32m1.62 KB[39m
[2m[[22mNEXTRA[2m][22m [32mESM[39m [1mdist/server/remark-plugins/remark-static-image.js             [22m[32m2.90 KB[39m
[2m[[22mNEXTRA[2m][22m [32mESM[39m [1mdist/server/remark-plugins/remark-structurize.js              [22m[32m1.78 KB[39m
[2m[[22mNEXTRA[2m][22m [32mESM[39m [1mdist/client/components/tabs/tabs.js                           [22m[32m3.33 KB[39m
[2m[[22mNEXTRA[2m][22m [32mESM[39m [1mdist/client/mdx.js                                            [22m[32m503.00 B[39m
[2m[[22mNEXTRA[2m][22m [32mESM[39m [1mdist/server/fetch-filepaths-from-github.js                    [22m[32m1.75 KB[39m
[2m[[22mNEXTRA[2m][22m [32mESM[39m [1mdist/server/remark-plugins/remark-mdx-frontmatter.js          [22m[32m2.38 KB[39m
[2m[[22mNEXTRA[2m][22m [32mESM[39m [1mdist/server/remark-plugins/remark-headings.js                 [22m[32m2.96 KB[39m
[2m[[22mNEXTRA[2m][22m [32mESM[39m [1mdist/server/constants.js                                      [22m[32m1.20 KB[39m
[2m[[22mNEXTRA[2m][22m [32mESM[39m ⚡️ Build success in 83ms
[2m[[22mNEXTRA[2m][22m [34mDTS[39m Build start
[2m[[22mNEXTRA/ICONS[2m][22m [34mDTS[39m Build start
[2m[[22mNEXTRA/ICONS[2m][22m [32mESM[39m [1mdist/client/icons/index.js [22m[32m35.39 KB[39m
[2m[[22mNEXTRA/ICONS[2m][22m [32mESM[39m ⚡️ Build success in 986ms
[2m[[22mNEXTRA/ICONS[2m][22m [32mDTS[39m ⚡️ Build success in 2113ms
[2m[[22mNEXTRA/ICONS[2m][22m [32mDTS[39m [1mdist/client/icons/index.d.ts [22m[32m984.00 B[39m
"Value" is imported from external module "vfile" but never used in "node_modules/unified/index.d.ts".
"CompileResults" is imported from external module "./lib/index.js" but never used in "node_modules/unified/index.d.ts".
[2m[[22mNEXTRA[2m][22m [32mDTS[39m ⚡️ Build success in 29438ms
[2m[[22mNEXTRA[2m][22m [32mDTS[39m [1mdist/client/components/index.d.ts                               [22m[32m872.00 B[39m
[2m[[22mNEXTRA[2m][22m [32mDTS[39m [1mdist/client/hooks/index.d.ts                                    [22m[32m219.00 B[39m
[2m[[22mNEXTRA[2m][22m [32mDTS[39m [1mdist/server/recma-plugins/index.d.ts                            [22m[32m177.00 B[39m
[2m[[22mNEXTRA[2m][22m [32mDTS[39m [1mdist/server/rehype-plugins/index.d.ts                           [22m[32m559.00 B[39m
[2m[[22mNEXTRA[2m][22m [32mDTS[39m [1mdist/server/webpack-plugins/index.d.ts                          [22m[32m355.00 B[39m
[2m[[22mNEXTRA[2m][22m [32mDTS[39m [1mdist/server/remark-plugins/index.d.ts                           [22m[32m900.00 B[39m
[2m[[22mNEXTRA[2m][22m [32mDTS[39m [1mdist/utils.d.ts                                                 [22m[32m365.00 B[39m
[2m[[22mNEXTRA[2m][22m [32mDTS[39m [1mdist/client/catch-all.d.ts                                      [22m[32m386.00 B[39m
[2m[[22mNEXTRA[2m][22m [32mDTS[39m [1mdist/client/context.d.ts                                        [22m[32m466.00 B[39m
[2m[[22mNEXTRA[2m][22m [32mDTS[39m [1mdist/client/mdx.d.ts                                            [22m[32m258.00 B[39m
[2m[[22mNEXTRA[2m][22m [32mDTS[39m [1mdist/client/normalize-pages.d.ts                                [22m[32m1.99 KB[39m
[2m[[22mNEXTRA[2m][22m [32mDTS[39m [1mdist/client/setup-page.d.ts                                     [22m[32m580.00 B[39m
[2m[[22mNEXTRA[2m][22m [32mDTS[39m [1mdist/client/utils.d.ts                                          [22m[32m678.00 B[39m
[2m[[22mNEXTRA[2m][22m [32mDTS[39m [1mdist/client/remove-links.d.ts                                   [22m[32m176.00 B[39m
[2m[[22mNEXTRA[2m][22m [32mDTS[39m [1mdist/server/constants.d.ts                                      [22m[32m1.05 KB[39m
[2m[[22mNEXTRA[2m][22m [32mDTS[39m [1mdist/server/fetch-filepaths-from-github.d.ts                    [22m[32m271.00 B[39m
[2m[[22mNEXTRA[2m][22m [32mDTS[39m [1mdist/server/file-system.d.ts                                    [22m[32m123.00 B[39m
[2m[[22mNEXTRA[2m][22m [32mDTS[39m [1mdist/server/index.d.ts                                          [22m[32m848.00 B[39m
[2m[[22mNEXTRA[2m][22m [32mDTS[39m [1mdist/server/loader.d.ts                                         [22m[32m414.00 B[39m
[2m[[22mNEXTRA[2m][22m [32mDTS[39m [1mdist/server/page-map-dynamic.d.ts                               [22m[32m613.00 B[39m
[2m[[22mNEXTRA[2m][22m [32mDTS[39m [1mdist/server/page-map.d.ts                                       [22m[32m498.00 B[39m
[2m[[22mNEXTRA[2m][22m [32mDTS[39m [1mdist/server/remote.d.ts                                         [22m[32m677.00 B[39m
[2m[[22mNEXTRA[2m][22m [32mDTS[39m [1mdist/server/compile.d.ts                                        [22m[32m1005.00 B[39m
[2m[[22mNEXTRA[2m][22m [32mDTS[39m [1mdist/server/utils.d.ts                                          [22m[32m732.00 B[39m
[2m[[22mNEXTRA[2m][22m [32mDTS[39m [1mdist/client/components/callout.d.ts                             [22m[32m502.00 B[39m
[2m[[22mNEXTRA[2m][22m [32mDTS[39m [1mdist/client/components/cards.d.ts                               [22m[32m599.00 B[39m
[2m[[22mNEXTRA[2m][22m [32mDTS[39m [1mdist/client/components/code.d.ts                                [22m[32m233.00 B[39m
[2m[[22mNEXTRA[2m][22m [32mDTS[39m [1mdist/client/components/copy-to-clipboard.d.ts                   [22m[32m287.00 B[39m
[2m[[22mNEXTRA[2m][22m [32mDTS[39m [1mdist/client/components/button.d.ts                              [22m[32m304.00 B[39m
[2m[[22mNEXTRA[2m][22m [32mDTS[39m [1mdist/client/components/file-tree.d.ts                           [22m[32m602.00 B[39m
[2m[[22mNEXTRA[2m][22m [32mDTS[39m [1mdist/client/components/playground.d.ts                          [22m[32m883.00 B[39m
[2m[[22mNEXTRA[2m][22m [32mDTS[39m [1mdist/client/components/pre.d.ts                                 [22m[32m440.00 B[39m
[2m[[22mNEXTRA[2m][22m [32mDTS[39m [1mdist/client/components/remote-content.d.ts                      [22m[32m804.00 B[39m
[2m[[22mNEXTRA[2m][22m [32mDTS[39m [1mdist/client/components/steps.d.ts                               [22m[32m177.00 B[39m
[2m[[22mNEXTRA[2m][22m [32mDTS[39m [1mdist/client/components/table.d.ts                               [22m[32m222.00 B[39m
[2m[[22mNEXTRA[2m][22m [32mDTS[39m [1mdist/constants.d.ts                                             [22m[32m260.00 B[39m
[2m[[22mNEXTRA[2m][22m [32mDTS[39m [1mdist/client/components/tabs/index.d.ts                          [22m[32m323.00 B[39m
[2m[[22mNEXTRA[2m][22m [32mDTS[39m [1mdist/client/components/td.d.ts                                  [22m[32m213.00 B[39m
[2m[[22mNEXTRA[2m][22m [32mDTS[39m [1mdist/client/components/th.d.ts                                  [22m[32m213.00 B[39m
[2m[[22mNEXTRA[2m][22m [32mDTS[39m [1mdist/client/components/tr.d.ts                                  [22m[32m213.00 B[39m
[2m[[22mNEXTRA[2m][22m [32mDTS[39m [1mdist/client/components/tabs/tabs.d.ts                           [22m[32m630.00 B[39m
[2m[[22mNEXTRA[2m][22m [32mDTS[39m [1mdist/client/hooks/use-data.d.ts                                 [22m[32m179.00 B[39m
[2m[[22mNEXTRA[2m][22m [32mDTS[39m [1mdist/client/hooks/use-mounted.d.ts                              [22m[32m64.00 B[39m
[2m[[22mNEXTRA[2m][22m [32mDTS[39m [1mdist/client/hooks/use-fs-route.d.ts                             [22m[32m64.00 B[39m
[2m[[22mNEXTRA[2m][22m [32mDTS[39m [1mdist/client/hooks/use-router.d.ts                               [22m[32m125.00 B[39m
[2m[[22mNEXTRA[2m][22m [32mDTS[39m [1mdist/server/recma-plugins/recma-rewrite-jsx.d.ts                [22m[32m157.00 B[39m
[2m[[22mNEXTRA[2m][22m [32mDTS[39m [1mdist/server/recma-plugins/recma-rewrite-function-body.d.ts      [22m[32m175.00 B[39m
[2m[[22mNEXTRA[2m][22m [32mDTS[39m [1mdist/server/rehype-plugins/rehype.d.ts                          [22m[32m426.00 B[39m
[2m[[22mNEXTRA[2m][22m [32mDTS[39m [1mdist/server/rehype-plugins/rehype-better-react-mathjax.d.ts     [22m[32m566.00 B[39m
[2m[[22mNEXTRA[2m][22m [32mDTS[39m [1mdist/server/rehype-plugins/rehype-extract-toc-content.d.ts      [22m[32m213.00 B[39m
[2m[[22mNEXTRA[2m][22m [32mDTS[39m [1mdist/server/rehype-plugins/rehype-icon.d.ts                     [22m[32m237.00 B[39m
[2m[[22mNEXTRA[2m][22m [32mDTS[39m [1mdist/server/webpack-plugins/nextra.d.ts                         [22m[32m536.00 B[39m
[2m[[22mNEXTRA[2m][22m [32mDTS[39m [1mdist/server/webpack-plugins/nextra-search.d.ts                  [22m[32m143.00 B[39m
[2m[[22mNEXTRA[2m][22m [32mDTS[39m [1mdist/server/remark-plugins/remark-custom-heading-id.d.ts        [22m[32m221.00 B[39m
[2m[[22mNEXTRA[2m][22m [32mDTS[39m [1mdist/server/remark-plugins/remark-mdx-frontmatter.d.ts          [22m[32m160.00 B[39m
[2m[[22mNEXTRA[2m][22m [32mDTS[39m [1mdist/server/remark-plugins/remark-mdx-title.d.ts                [22m[32m315.00 B[39m
[2m[[22mNEXTRA[2m][22m [32mDTS[39m [1mdist/server/remark-plugins/remark-headings.d.ts                 [22m[32m311.00 B[39m
[2m[[22mNEXTRA[2m][22m [32mDTS[39m [1mdist/server/remark-plugins/remark-remove-imports.d.ts           [22m[32m158.00 B[39m
[2m[[22mNEXTRA[2m][22m [32mDTS[39m [1mdist/server/remark-plugins/remark-link-rewrite.d.ts             [22m[32m324.00 B[39m
[2m[[22mNEXTRA[2m][22m [32mDTS[39m [1mdist/server/remark-plugins/remark-mdx-disable-explicit-jsx.d.ts [22m[32m216.00 B[39m
[2m[[22mNEXTRA[2m][22m [32mDTS[39m [1mdist/server/remark-plugins/remark-static-image.d.ts             [22m[32m154.00 B[39m
[2m[[22mNEXTRA[2m][22m [32mDTS[39m [1mdist/server/remark-plugins/remark-structurize.d.ts              [22m[32m376.00 B[39m
[2m[[22mNEXTRA[2m][22m [32mDTS[39m [1mdist/server/schemas.d.ts                                        [22m[32m414.00 B[39m
[2m[[22mNEXTRA[2m][22m [32mDTS[39m [1mdist/types-BhjhW0gX.d.ts                                        [22m[32m19.14 KB[39m
